The system is: Linux - 3.16.0-30-generic - x86_64
Compiling the C compiler identification source file "CMakeCCompilerId.c" succeeded.
Compiler: /usr/bin/cc 
Build flags: 
Id flags: 

The output was:
0


Compilation of the C compiler identification source "CMakeCCompilerId.c" produced "a.out"

The C compiler identification is GNU, found in "/Laputalab/demo/LinuxGL/glfw-3.1.1/glfw-3.1.1/CMakeFiles/2.8.12.2/CompilerIdC/a.out"

Determining if the C compiler works passed with the following output:
Change Dir: /Laputalab/demo/LinuxGL/glfw-3.1.1/glfw-3.1.1/CMakeFiles/CMakeTmp

Run Build Command:/usr/bin/make "cmTryCompileExec2300950123/fast"
/usr/bin/make -f CMakeFiles/cmTryCompileExec2300950123.dir/build.make CMakeFiles/cmTryCompileExec2300950123.dir/build
make[1]: Entering directory `/Laputalab/demo/LinuxGL/glfw-3.1.1/glfw-3.1.1/CMakeFiles/CMakeTmp'
/usr/bin/cmake -E cmake_progress_report /Laputalab/demo/LinuxGL/glfw-3.1.1/glfw-3.1.1/CMakeFiles/CMakeTmp/CMakeFiles 1
Building C object CMakeFiles/cmTryCompileExec2300950123.dir/testCCompiler.c.o
/usr/bin/cc    -o CMakeFiles/cmTryCompileExec2300950123.dir/testCCompiler.c.o   -c /Laputalab/demo/LinuxGL/glfw-3.1.1/glfw-3.1.1/CMakeFiles/CMakeTmp/testCCompiler.c
Linking C executable cmTryCompileExec2300950123
/usr/bin/cmake -E cmake_link_script CMakeFiles/cmTryCompileExec2300950123.dir/link.txt --verbose=1
/usr/bin/cc       CMakeFiles/cmTryCompileExec2300950123.dir/testCCompiler.c.o  -o cmTryCompileExec2300950123 -rdynamic 
make[1]: Leaving directory `/Laputalab/demo/LinuxGL/glfw-3.1.1/glfw-3.1.1/CMakeFiles/CMakeTmp'


Detecting C compiler ABI info compiled with the following output:
Change Dir: /Laputalab/demo/LinuxGL/glfw-3.1.1/glfw-3.1.1/CMakeFiles/CMakeTmp

Run Build Command:/usr/bin/make "cmTryCompileExec4161957822/fast"
/usr/bin/make -f CMakeFiles/cmTryCompileExec4161957822.dir/build.make CMakeFiles/cmTryCompileExec4161957822.dir/build
make[1]: Entering directory `/Laputalab/demo/LinuxGL/glfw-3.1.1/glfw-3.1.1/CMakeFiles/CMakeTmp'
/usr/bin/cmake -E cmake_progress_report /Laputalab/demo/LinuxGL/glfw-3.1.1/glfw-3.1.1/CMakeFiles/CMakeTmp/CMakeFiles 1
Building C object CMakeFiles/cmTryCompileExec4161957822.dir/CMakeCCompilerABI.c.o
/usr/bin/cc    -o CMakeFiles/cmTryCompileExec4161957822.dir/CMakeCCompilerABI.c.o   -c /usr/share/cmake-2.8/Modules/CMakeCCompilerABI.c
Linking C executable cmTryCompileExec4161957822
/usr/bin/cmake -E cmake_link_script CMakeFiles/cmTryCompileExec4161957822.dir/link.txt --verbose=1
/usr/bin/cc     -v CMakeFiles/cmTryCompileExec4161957822.dir/CMakeCCompilerABI.c.o  -o cmTryCompileExec4161957822 -rdynamic  
Using built-in specs.
COLLECT_GCC=/usr/bin/cc
COLLECT_LTO_WRAPPER=/usr/lib/gcc/x86_64-linux-gnu/4.8/lto-wrapper
Target: x86_64-linux-gnu
Configured with: ../src/configure -v --with-pkgversion='Ubuntu 4.8.4-2ubuntu1~14.04' --with-bugurl=file:///usr/share/doc/gcc-4.8/README.Bugs --enable-languages=c,c++,java,go,d,fortran,objc,obj-c++ --prefix=/usr --program-suffix=-4.8 --enable-shared --enable-linker-build-id --libexecdir=/usr/lib --without-included-gettext --enable-threads=posix --with-gxx-include-dir=/usr/include/c++/4.8 --libdir=/usr/lib --enable-nls --with-sysroot=/ --enable-clocale=gnu --enable-libstdcxx-debug --enable-libstdcxx-time=yes --enable-gnu-unique-object --disable-libmudflap --enable-plugin --with-system-zlib --disable-browser-plugin --enable-java-awt=gtk --enable-gtk-cairo --with-java-home=/usr/lib/jvm/java-1.5.0-gcj-4.8-amd64/jre --enable-java-home --with-jvm-root-dir=/usr/lib/jvm/java-1.5.0-gcj-4.8-amd64 --with-jvm-jar-dir=/usr/lib/jvm-exports/java-1.5.0-gcj-4.8-amd64 --with-arch-directory=amd64 --with-ecj-jar=/usr/share/java/eclipse-ecj.jar --enable-objc-gc --enable-multiarch --disable-werror --with-arch-32=i686 --with-abi=m64 --with-multilib-list=m32,m64,mx32 --with-tune=generic --enable-checking=release --build=x86_64-linux-gnu --host=x86_64-linux-gnu --target=x86_64-linux-gnu
Thread model: posix
gcc version 4.8.4 (Ubuntu 4.8.4-2ubuntu1~14.04) 
COMPILER_PATH=/usr/lib/gcc/x86_64-linux-gnu/4.8/:/usr/lib/gcc/x86_64-linux-gnu/4.8/:/usr/lib/gcc/x86_64-linux-gnu/:/usr/lib/gcc/x86_64-linux-gnu/4.8/:/usr/lib/gcc/x86_64-linux-gnu/
LIBRARY_PATH=/usr/lib/gcc/x86_64-linux-gnu/4.8/:/usr/lib/gcc/x86_64-linux-gnu/4.8/../../../x86_64-linux-gnu/:/usr/lib/gcc/x86_64-linux-gnu/4.8/../../../../lib/:/lib/x86_64-linux-gnu/:/lib/../lib/:/usr/lib/x86_64-linux-gnu/:/usr/lib/../lib/:/usr/lib/gcc/x86_64-linux-gnu/4.8/../../../:/lib/:/usr/lib/
COLLECT_GCC_OPTIONS='-v' '-o' 'cmTryCompileExec4161957822' '-rdynamic' '-mtune=generic' '-march=x86-64'
 /usr/lib/gcc/x86_64-linux-gnu/4.8/collect2 --sysroot=/ --build-id --eh-frame-hdr -m elf_x86_64 --hash-style=gnu --as-needed -export-dynamic -dynamic-linker /lib64/ld-linux-x86-64.so.2 -z relro -o cmTryCompileExec4161957822 /usr/lib/gcc/x86_64-linux-gnu/4.8/../../../x86_64-linux-gnu/crt1.o /usr/lib/gcc/x86_64-linux-gnu/4.8/../../../x86_64-linux-gnu/crti.o /usr/lib/gcc/x86_64-linux-gnu/4.8/crtbegin.o -L/usr/lib/gcc/x86_64-linux-gnu/4.8 -L/usr/lib/gcc/x86_64-linux-gnu/4.8/../../../x86_64-linux-gnu -L/usr/lib/gcc/x86_64-linux-gnu/4.8/../../../../lib -L/lib/x86_64-linux-gnu -L/lib/../lib -L/usr/lib/x86_64-linux-gnu -L/usr/lib/../lib -L/usr/lib/gcc/x86_64-linux-gnu/4.8/../../.. CMakeFiles/cmTryCompileExec4161957822.dir/CMakeCCompilerABI.c.o -lgcc --as-needed -lgcc_s --no-as-needed -lc -lgcc --as-needed -lgcc_s --no-as-needed /usr/lib/gcc/x86_64-linux-gnu/4.8/crtend.o /usr/lib/gcc/x86_64-linux-gnu/4.8/../../../x86_64-linux-gnu/crtn.o
make[1]: Leaving directory `/Laputalab/demo/LinuxGL/glfw-3.1.1/glfw-3.1.1/CMakeFiles/CMakeTmp'


Parsed C implicit link information from above output:
  link line regex: [^( *|.*[/\])(ld|([^/\]+-)?ld|collect2)[^/\]*( |$)]
  ignore line: [Change Dir: /Laputalab/demo/LinuxGL/glfw-3.1.1/glfw-3.1.1/CMakeFiles/CMakeTmp]
  ignore line: []
  ignore line: [Run Build Command:/usr/bin/make "cmTryCompileExec4161957822/fast"]
  ignore line: [/usr/bin/make -f CMakeFiles/cmTryCompileExec4161957822.dir/build.make CMakeFiles/cmTryCompileExec4161957822.dir/build]
  ignore line: [make[1]: Entering directory `/Laputalab/demo/LinuxGL/glfw-3.1.1/glfw-3.1.1/CMakeFiles/CMakeTmp']
  ignore line: [/usr/bin/cmake -E cmake_progress_report /Laputalab/demo/LinuxGL/glfw-3.1.1/glfw-3.1.1/CMakeFiles/CMakeTmp/CMakeFiles 1]
  ignore line: [Building C object CMakeFiles/cmTryCompileExec4161957822.dir/CMakeCCompilerABI.c.o]
  ignore line: [/usr/bin/cc    -o CMakeFiles/cmTryCompileExec4161957822.dir/CMakeCCompilerABI.c.o   -c /usr/share/cmake-2.8/Modules/CMakeCCompilerABI.c]
  ignore line: [Linking C executable cmTryCompileExec4161957822]
  ignore line: [/usr/bin/cmake -E cmake_link_script CMakeFiles/cmTryCompileExec4161957822.dir/link.txt --verbose=1]
  ignore line: [/usr/bin/cc     -v CMakeFiles/cmTryCompileExec4161957822.dir/CMakeCCompilerABI.c.o  -o cmTryCompileExec4161957822 -rdynamic  ]
  ignore line: [Using built-in specs.]
  ignore line: [COLLECT_GCC=/usr/bin/cc]
  ignore line: [COLLECT_LTO_WRAPPER=/usr/lib/gcc/x86_64-linux-gnu/4.8/lto-wrapper]
  ignore line: [Target: x86_64-linux-gnu]
  ignore line: [Configured with: ../src/configure -v --with-pkgversion='Ubuntu 4.8.4-2ubuntu1~14.04' --with-bugurl=file:///usr/share/doc/gcc-4.8/README.Bugs --enable-languages=c,c++,java,go,d,fortran,objc,obj-c++ --prefix=/usr --program-suffix=-4.8 --enable-shared --enable-linker-build-id --libexecdir=/usr/lib --without-included-gettext --enable-threads=posix --with-gxx-include-dir=/usr/include/c++/4.8 --libdir=/usr/lib --enable-nls --with-sysroot=/ --enable-clocale=gnu --enable-libstdcxx-debug --enable-libstdcxx-time=yes --enable-gnu-unique-object --disable-libmudflap --enable-plugin --with-system-zlib --disable-browser-plugin --enable-java-awt=gtk --enable-gtk-cairo --with-java-home=/usr/lib/jvm/java-1.5.0-gcj-4.8-amd64/jre --enable-java-home --with-jvm-root-dir=/usr/lib/jvm/java-1.5.0-gcj-4.8-amd64 --with-jvm-jar-dir=/usr/lib/jvm-exports/java-1.5.0-gcj-4.8-amd64 --with-arch-directory=amd64 --with-ecj-jar=/usr/share/java/eclipse-ecj.jar --enable-objc-gc --enable-multiarch --disable-werror --with-arch-32=i686 --with-abi=m64 --with-multilib-list=m32,m64,mx32 --with-tune=generic --enable-checking=release --build=x86_64-linux-gnu --host=x86_64-linux-gnu --target=x86_64-linux-gnu]
  ignore line: [Thread model: posix]
  ignore line: [gcc version 4.8.4 (Ubuntu 4.8.4-2ubuntu1~14.04) ]
  ignore line: [COMPILER_PATH=/usr/lib/gcc/x86_64-linux-gnu/4.8/:/usr/lib/gcc/x86_64-linux-gnu/4.8/:/usr/lib/gcc/x86_64-linux-gnu/:/usr/lib/gcc/x86_64-linux-gnu/4.8/:/usr/lib/gcc/x86_64-linux-gnu/]
  ignore line: [LIBRARY_PATH=/usr/lib/gcc/x86_64-linux-gnu/4.8/:/usr/lib/gcc/x86_64-linux-gnu/4.8/../../../x86_64-linux-gnu/:/usr/lib/gcc/x86_64-linux-gnu/4.8/../../../../lib/:/lib/x86_64-linux-gnu/:/lib/../lib/:/usr/lib/x86_64-linux-gnu/:/usr/lib/../lib/:/usr/lib/gcc/x86_64-linux-gnu/4.8/../../../:/lib/:/usr/lib/]
  ignore line: [COLLECT_GCC_OPTIONS='-v' '-o' 'cmTryCompileExec4161957822' '-rdynamic' '-mtune=generic' '-march=x86-64']
  link line: [ /usr/lib/gcc/x86_64-linux-gnu/4.8/collect2 --sysroot=/ --build-id --eh-frame-hdr -m elf_x86_64 --hash-style=gnu --as-needed -export-dynamic -dynamic-linker /lib64/ld-linux-x86-64.so.2 -z relro -o cmTryCompileExec4161957822 /usr/lib/gcc/x86_64-linux-gnu/4.8/../../../x86_64-linux-gnu/crt1.o /usr/lib/gcc/x86_64-linux-gnu/4.8/../../../x86_64-linux-gnu/crti.o /usr/lib/gcc/x86_64-linux-gnu/4.8/crtbegin.o -L/usr/lib/gcc/x86_64-linux-gnu/4.8 -L/usr/lib/gcc/x86_64-linux-gnu/4.8/../../../x86_64-linux-gnu -L/usr/lib/gcc/x86_64-linux-gnu/4.8/../../../../lib -L/lib/x86_64-linux-gnu -L/lib/../lib -L/usr/lib/x86_64-linux-gnu -L/usr/lib/../lib -L/usr/lib/gcc/x86_64-linux-gnu/4.8/../../.. CMakeFiles/cmTryCompileExec4161957822.dir/CMakeCCompilerABI.c.o -lgcc --as-needed -lgcc_s --no-as-needed -lc -lgcc --as-needed -lgcc_s --no-as-needed /usr/lib/gcc/x86_64-linux-gnu/4.8/crtend.o /usr/lib/gcc/x86_64-linux-gnu/4.8/../../../x86_64-linux-gnu/crtn.o]
    arg [/usr/lib/gcc/x86_64-linux-gnu/4.8/collect2] ==> ignore
    arg [--sysroot=/] ==> ignore
    arg [--build-id] ==> ignore
    arg [--eh-frame-hdr] ==> ignore
    arg [-m] ==> ignore
    arg [elf_x86_64] ==> ignore
    arg [--hash-style=gnu] ==> ignore
    arg [--as-needed] ==> ignore
    arg [-export-dynamic] ==> ignore
    arg [-dynamic-linker] ==> ignore
    arg [/lib64/ld-linux-x86-64.so.2] ==> ignore
    arg [-zrelro] ==> ignore
    arg [-o] ==> ignore
    arg [cmTryCompileExec4161957822] ==> ignore
    arg [/usr/lib/gcc/x86_64-linux-gnu/4.8/../../../x86_64-linux-gnu/crt1.o] ==> ignore
    arg [/usr/lib/gcc/x86_64-linux-gnu/4.8/../../../x86_64-linux-gnu/crti.o] ==> ignore
    arg [/usr/lib/gcc/x86_64-linux-gnu/4.8/crtbegin.o] ==> ignore
    arg [-L/usr/lib/gcc/x86_64-linux-gnu/4.8] ==> dir [/usr/lib/gcc/x86_64-linux-gnu/4.8]
    arg [-L/usr/lib/gcc/x86_64-linux-gnu/4.8/../../../x86_64-linux-gnu] ==> dir [/usr/lib/gcc/x86_64-linux-gnu/4.8/../../../x86_64-linux-gnu]
    arg [-L/usr/lib/gcc/x86_64-linux-gnu/4.8/../../../../lib] ==> dir [/usr/lib/gcc/x86_64-linux-gnu/4.8/../../../../lib]
    arg [-L/lib/x86_64-linux-gnu] ==> dir [/lib/x86_64-linux-gnu]
    arg [-L/lib/../lib] ==> dir [/lib/../lib]
    arg [-L/usr/lib/x86_64-linux-gnu] ==> dir [/usr/lib/x86_64-linux-gnu]
    arg [-L/usr/lib/../lib] ==> dir [/usr/lib/../lib]
    arg [-L/usr/lib/gcc/x86_64-linux-gnu/4.8/../../..] ==> dir [/usr/lib/gcc/x86_64-linux-gnu/4.8/../../..]
    arg [CMakeFiles/cmTryCompileExec4161957822.dir/CMakeCCompilerABI.c.o] ==> ignore
    arg [-lgcc] ==> lib [gcc]
    arg [--as-needed] ==> ignore
    arg [-lgcc_s] ==> lib [gcc_s]
    arg [--no-as-needed] ==> ignore
    arg [-lc] ==> lib [c]
    arg [-lgcc] ==> lib [gcc]
    arg [--as-needed] ==> ignore
    arg [-lgcc_s] ==> lib [gcc_s]
    arg [--no-as-needed] ==> ignore
    arg [/usr/lib/gcc/x86_64-linux-gnu/4.8/crtend.o] ==> ignore
    arg [/usr/lib/gcc/x86_64-linux-gnu/4.8/../../../x86_64-linux-gnu/crtn.o] ==> ignore
  remove lib [gcc]
  remove lib [gcc_s]
  remove lib [gcc]
  remove lib [gcc_s]
  collapse library dir [/usr/lib/gcc/x86_64-linux-gnu/4.8] ==> [/usr/lib/gcc/x86_64-linux-gnu/4.8]
  collapse library dir [/usr/lib/gcc/x86_64-linux-gnu/4.8/../../../x86_64-linux-gnu] ==> [/usr/lib/x86_64-linux-gnu]
  collapse library dir [/usr/lib/gcc/x86_64-linux-gnu/4.8/../../../../lib] ==> [/usr/lib]
  collapse library dir [/lib/x86_64-linux-gnu] ==> [/lib/x86_64-linux-gnu]
  collapse library dir [/lib/../lib] ==> [/lib]
  collapse library dir [/usr/lib/x86_64-linux-gnu] ==> [/usr/lib/x86_64-linux-gnu]
  collapse library dir [/usr/lib/../lib] ==> [/usr/lib]
  collapse library dir [/usr/lib/gcc/x86_64-linux-gnu/4.8/../../..] ==> [/usr/lib]
  implicit libs: [c]
  implicit dirs: [/usr/lib/gcc/x86_64-linux-gnu/4.8;/usr/lib/x86_64-linux-gnu;/usr/lib;/lib/x86_64-linux-gnu;/lib]
  implicit fwks: []


Determining if the function XOpenDisplay exists in the /usr/lib/x86_64-linux-gnu/libX11.so;/usr/lib/x86_64-linux-gnu/libXext.so passed with the following output:
Change Dir: /Laputalab/demo/LinuxGL/glfw-3.1.1/glfw-3.1.1/CMakeFiles/CMakeTmp

Run Build Command:/usr/bin/make "cmTryCompileExec1929430717/fast"
/usr/bin/make -f CMakeFiles/cmTryCompileExec1929430717.dir/build.make CMakeFiles/cmTryCompileExec1929430717.dir/build
make[1]: Entering directory `/Laputalab/demo/LinuxGL/glfw-3.1.1/glfw-3.1.1/CMakeFiles/CMakeTmp'
/usr/bin/cmake -E cmake_progress_report /Laputalab/demo/LinuxGL/glfw-3.1.1/glfw-3.1.1/CMakeFiles/CMakeTmp/CMakeFiles 1
Building C object CMakeFiles/cmTryCompileExec1929430717.dir/CheckFunctionExists.c.o
/usr/bin/cc   -DCHECK_FUNCTION_EXISTS=XOpenDisplay   -o CMakeFiles/cmTryCompileExec1929430717.dir/CheckFunctionExists.c.o   -c /usr/share/cmake-2.8/Modules/CheckFunctionExists.c
Linking C executable cmTryCompileExec1929430717
/usr/bin/cmake -E cmake_link_script CMakeFiles/cmTryCompileExec1929430717.dir/link.txt --verbose=1
/usr/bin/cc   -DCHECK_FUNCTION_EXISTS=XOpenDisplay    CMakeFiles/cmTryCompileExec1929430717.dir/CheckFunctionExists.c.o  -o cmTryCompileExec1929430717 -rdynamic -lX11 -lXext 
make[1]: Leaving directory `/Laputalab/demo/LinuxGL/glfw-3.1.1/glfw-3.1.1/CMakeFiles/CMakeTmp'


Determining if the function gethostbyname exists passed with the following output:
Change Dir: /Laputalab/demo/LinuxGL/glfw-3.1.1/glfw-3.1.1/CMakeFiles/CMakeTmp

Run Build Command:/usr/bin/make "cmTryCompileExec1751799626/fast"
/usr/bin/make -f CMakeFiles/cmTryCompileExec1751799626.dir/build.make CMakeFiles/cmTryCompileExec1751799626.dir/build
make[1]: Entering directory `/Laputalab/demo/LinuxGL/glfw-3.1.1/glfw-3.1.1/CMakeFiles/CMakeTmp'
/usr/bin/cmake -E cmake_progress_report /Laputalab/demo/LinuxGL/glfw-3.1.1/glfw-3.1.1/CMakeFiles/CMakeTmp/CMakeFiles 1
Building C object CMakeFiles/cmTryCompileExec1751799626.dir/CheckFunctionExists.c.o
/usr/bin/cc   -DCHECK_FUNCTION_EXISTS=gethostbyname   -o CMakeFiles/cmTryCompileExec1751799626.dir/CheckFunctionExists.c.o   -c /usr/share/cmake-2.8/Modules/CheckFunctionExists.c
Linking C executable cmTryCompileExec1751799626
/usr/bin/cmake -E cmake_link_script CMakeFiles/cmTryCompileExec1751799626.dir/link.txt --verbose=1
/usr/bin/cc   -DCHECK_FUNCTION_EXISTS=gethostbyname    CMakeFiles/cmTryCompileExec1751799626.dir/CheckFunctionExists.c.o  -o cmTryCompileExec1751799626 -rdynamic 
make[1]: Leaving directory `/Laputalab/demo/LinuxGL/glfw-3.1.1/glfw-3.1.1/CMakeFiles/CMakeTmp'


Determining if the function connect exists passed with the following output:
Change Dir: /Laputalab/demo/LinuxGL/glfw-3.1.1/glfw-3.1.1/CMakeFiles/CMakeTmp

Run Build Command:/usr/bin/make "cmTryCompileExec1848385692/fast"
/usr/bin/make -f CMakeFiles/cmTryCompileExec1848385692.dir/build.make CMakeFiles/cmTryCompileExec1848385692.dir/build
make[1]: Entering directory `/Laputalab/demo/LinuxGL/glfw-3.1.1/glfw-3.1.1/CMakeFiles/CMakeTmp'
/usr/bin/cmake -E cmake_progress_report /Laputalab/demo/LinuxGL/glfw-3.1.1/glfw-3.1.1/CMakeFiles/CMakeTmp/CMakeFiles 1
Building C object CMakeFiles/cmTryCompileExec1848385692.dir/CheckFunctionExists.c.o
/usr/bin/cc   -DCHECK_FUNCTION_EXISTS=connect   -o CMakeFiles/cmTryCompileExec1848385692.dir/CheckFunctionExists.c.o   -c /usr/share/cmake-2.8/Modules/CheckFunctionExists.c
Linking C executable cmTryCompileExec1848385692
/usr/bin/cmake -E cmake_link_script CMakeFiles/cmTryCompileExec1848385692.dir/link.txt --verbose=1
/usr/bin/cc   -DCHECK_FUNCTION_EXISTS=connect    CMakeFiles/cmTryCompileExec1848385692.dir/CheckFunctionExists.c.o  -o cmTryCompileExec1848385692 -rdynamic 
make[1]: Leaving directory `/Laputalab/demo/LinuxGL/glfw-3.1.1/glfw-3.1.1/CMakeFiles/CMakeTmp'


Determining if the function remove exists passed with the following output:
Change Dir: /Laputalab/demo/LinuxGL/glfw-3.1.1/glfw-3.1.1/CMakeFiles/CMakeTmp

Run Build Command:/usr/bin/make "cmTryCompileExec4022901517/fast"
/usr/bin/make -f CMakeFiles/cmTryCompileExec4022901517.dir/build.make CMakeFiles/cmTryCompileExec4022901517.dir/build
make[1]: Entering directory `/Laputalab/demo/LinuxGL/glfw-3.1.1/glfw-3.1.1/CMakeFiles/CMakeTmp'
/usr/bin/cmake -E cmake_progress_report /Laputalab/demo/LinuxGL/glfw-3.1.1/glfw-3.1.1/CMakeFiles/CMakeTmp/CMakeFiles 1
Building C object CMakeFiles/cmTryCompileExec4022901517.dir/CheckFunctionExists.c.o
/usr/bin/cc   -DCHECK_FUNCTION_EXISTS=remove   -o CMakeFiles/cmTryCompileExec4022901517.dir/CheckFunctionExists.c.o   -c /usr/share/cmake-2.8/Modules/CheckFunctionExists.c
Linking C executable cmTryCompileExec4022901517
/usr/bin/cmake -E cmake_link_script CMakeFiles/cmTryCompileExec4022901517.dir/link.txt --verbose=1
/usr/bin/cc   -DCHECK_FUNCTION_EXISTS=remove    CMakeFiles/cmTryCompileExec4022901517.dir/CheckFunctionExists.c.o  -o cmTryCompileExec4022901517 -rdynamic 
make[1]: Leaving directory `/Laputalab/demo/LinuxGL/glfw-3.1.1/glfw-3.1.1/CMakeFiles/CMakeTmp'


Determining if the function shmat exists passed with the following output:
Change Dir: /Laputalab/demo/LinuxGL/glfw-3.1.1/glfw-3.1.1/CMakeFiles/CMakeTmp

Run Build Command:/usr/bin/make "cmTryCompileExec4058486169/fast"
/usr/bin/make -f CMakeFiles/cmTryCompileExec4058486169.dir/build.make CMakeFiles/cmTryCompileExec4058486169.dir/build
make[1]: Entering directory `/Laputalab/demo/LinuxGL/glfw-3.1.1/glfw-3.1.1/CMakeFiles/CMakeTmp'
/usr/bin/cmake -E cmake_progress_report /Laputalab/demo/LinuxGL/glfw-3.1.1/glfw-3.1.1/CMakeFiles/CMakeTmp/CMakeFiles 1
Building C object CMakeFiles/cmTryCompileExec4058486169.dir/CheckFunctionExists.c.o
/usr/bin/cc   -DCHECK_FUNCTION_EXISTS=shmat   -o CMakeFiles/cmTryCompileExec4058486169.dir/CheckFunctionExists.c.o   -c /usr/share/cmake-2.8/Modules/CheckFunctionExists.c
Linking C executable cmTryCompileExec4058486169
/usr/bin/cmake -E cmake_link_script CMakeFiles/cmTryCompileExec4058486169.dir/link.txt --verbose=1
/usr/bin/cc   -DCHECK_FUNCTION_EXISTS=shmat    CMakeFiles/cmTryCompileExec4058486169.dir/CheckFunctionExists.c.o  -o cmTryCompileExec4058486169 -rdynamic 
make[1]: Leaving directory `/Laputalab/demo/LinuxGL/glfw-3.1.1/glfw-3.1.1/CMakeFiles/CMakeTmp'


Determining if files pthread.h exist passed with the following output:
Change Dir: /Laputalab/demo/LinuxGL/glfw-3.1.1/glfw-3.1.1/CMakeFiles/CMakeTmp

Run Build Command:/usr/bin/make "cmTryCompileExec1302327395/fast"
/usr/bin/make -f CMakeFiles/cmTryCompileExec1302327395.dir/build.make CMakeFiles/cmTryCompileExec1302327395.dir/build
make[1]: Entering directory `/Laputalab/demo/LinuxGL/glfw-3.1.1/glfw-3.1.1/CMakeFiles/CMakeTmp'
/usr/bin/cmake -E cmake_progress_report /Laputalab/demo/LinuxGL/glfw-3.1.1/glfw-3.1.1/CMakeFiles/CMakeTmp/CMakeFiles 1
Building C object CMakeFiles/cmTryCompileExec1302327395.dir/CheckIncludeFiles.c.o
/usr/bin/cc    -o CMakeFiles/cmTryCompileExec1302327395.dir/CheckIncludeFiles.c.o   -c /Laputalab/demo/LinuxGL/glfw-3.1.1/glfw-3.1.1/CMakeFiles/CMakeTmp/CheckIncludeFiles.c
Linking C executable cmTryCompileExec1302327395
/usr/bin/cmake -E cmake_link_script CMakeFiles/cmTryCompileExec1302327395.dir/link.txt --verbose=1
/usr/bin/cc       CMakeFiles/cmTryCompileExec1302327395.dir/CheckIncludeFiles.c.o  -o cmTryCompileExec1302327395 -rdynamic 
make[1]: Leaving directory `/Laputalab/demo/LinuxGL/glfw-3.1.1/glfw-3.1.1/CMakeFiles/CMakeTmp'


Determining if the function pthread_create exists in the pthread passed with the following output:
Change Dir: /Laputalab/demo/LinuxGL/glfw-3.1.1/glfw-3.1.1/CMakeFiles/CMakeTmp

Run Build Command:/usr/bin/make "cmTryCompileExec1259916540/fast"
/usr/bin/make -f CMakeFiles/cmTryCompileExec1259916540.dir/build.make CMakeFiles/cmTryCompileExec1259916540.dir/build
make[1]: Entering directory `/Laputalab/demo/LinuxGL/glfw-3.1.1/glfw-3.1.1/CMakeFiles/CMakeTmp'
/usr/bin/cmake -E cmake_progress_report /Laputalab/demo/LinuxGL/glfw-3.1.1/glfw-3.1.1/CMakeFiles/CMakeTmp/CMakeFiles 1
Building C object CMakeFiles/cmTryCompileExec1259916540.dir/CheckFunctionExists.c.o
/usr/bin/cc   -DCHECK_FUNCTION_EXISTS=pthread_create   -o CMakeFiles/cmTryCompileExec1259916540.dir/CheckFunctionExists.c.o   -c /usr/share/cmake-2.8/Modules/CheckFunctionExists.c
Linking C executable cmTryCompileExec1259916540
/usr/bin/cmake -E cmake_link_script CMakeFiles/cmTryCompileExec1259916540.dir/link.txt --verbose=1
/usr/bin/cc   -DCHECK_FUNCTION_EXISTS=pthread_create    CMakeFiles/cmTryCompileExec1259916540.dir/CheckFunctionExists.c.o  -o cmTryCompileExec1259916540 -rdynamic -lpthread 
make[1]: Leaving directory `/Laputalab/demo/LinuxGL/glfw-3.1.1/glfw-3.1.1/CMakeFiles/CMakeTmp'


Determining if the function IceConnectionNumber exists in the ICE passed with the following output:
Change Dir: /Laputalab/demo/LinuxGL/glfw-3.1.1/glfw-3.1.1/CMakeFiles/CMakeTmp

Run Build Command:/usr/bin/make "cmTryCompileExec1772815100/fast"
/usr/bin/make -f CMakeFiles/cmTryCompileExec1772815100.dir/build.make CMakeFiles/cmTryCompileExec1772815100.dir/build
make[1]: Entering directory `/Laputalab/demo/LinuxGL/glfw-3.1.1/glfw-3.1.1/CMakeFiles/CMakeTmp'
/usr/bin/cmake -E cmake_progress_report /Laputalab/demo/LinuxGL/glfw-3.1.1/glfw-3.1.1/CMakeFiles/CMakeTmp/CMakeFiles 1
Building C object CMakeFiles/cmTryCompileExec1772815100.dir/CheckFunctionExists.c.o
/usr/bin/cc   -DCHECK_FUNCTION_EXISTS=IceConnectionNumber   -o CMakeFiles/cmTryCompileExec1772815100.dir/CheckFunctionExists.c.o   -c /usr/share/cmake-2.8/Modules/CheckFunctionExists.c
Linking C executable cmTryCompileExec1772815100
/usr/bin/cmake -E cmake_link_script CMakeFiles/cmTryCompileExec1772815100.dir/link.txt --verbose=1
/usr/bin/cc   -DCHECK_FUNCTION_EXISTS=IceConnectionNumber    CMakeFiles/cmTryCompileExec1772815100.dir/CheckFunctionExists.c.o  -o cmTryCompileExec1772815100 -rdynamic -lICE 
make[1]: Leaving directory `/Laputalab/demo/LinuxGL/glfw-3.1.1/glfw-3.1.1/CMakeFiles/CMakeTmp'


Determining if the function glXGetProcAddress exists passed with the following output:
Change Dir: /Laputalab/demo/LinuxGL/glfw-3.1.1/glfw-3.1.1/CMakeFiles/CMakeTmp

Run Build Command:/usr/bin/make "cmTryCompileExec2414061661/fast"
/usr/bin/make -f CMakeFiles/cmTryCompileExec2414061661.dir/build.make CMakeFiles/cmTryCompileExec2414061661.dir/build
make[1]: Entering directory `/Laputalab/demo/LinuxGL/glfw-3.1.1/glfw-3.1.1/CMakeFiles/CMakeTmp'
/usr/bin/cmake -E cmake_progress_report /Laputalab/demo/LinuxGL/glfw-3.1.1/glfw-3.1.1/CMakeFiles/CMakeTmp/CMakeFiles 1
Building C object CMakeFiles/cmTryCompileExec2414061661.dir/CheckFunctionExists.c.o
/usr/bin/cc   -DCHECK_FUNCTION_EXISTS=glXGetProcAddress   -o CMakeFiles/cmTryCompileExec2414061661.dir/CheckFunctionExists.c.o   -c /usr/share/cmake-2.8/Modules/CheckFunctionExists.c
Linking C executable cmTryCompileExec2414061661
/usr/bin/cmake -E cmake_link_script CMakeFiles/cmTryCompileExec2414061661.dir/link.txt --verbose=1
/usr/bin/cc   -DCHECK_FUNCTION_EXISTS=glXGetProcAddress    CMakeFiles/cmTryCompileExec2414061661.dir/CheckFunctionExists.c.o  -o cmTryCompileExec2414061661 -rdynamic -lGL 
make[1]: Leaving directory `/Laputalab/demo/LinuxGL/glfw-3.1.1/glfw-3.1.1/CMakeFiles/CMakeTmp'


Determining if the function glXGetProcAddressARB exists passed with the following output:
Change Dir: /Laputalab/demo/LinuxGL/glfw-3.1.1/glfw-3.1.1/CMakeFiles/CMakeTmp

Run Build Command:/usr/bin/make "cmTryCompileExec2381649565/fast"
/usr/bin/make -f CMakeFiles/cmTryCompileExec2381649565.dir/build.make CMakeFiles/cmTryCompileExec2381649565.dir/build
make[1]: Entering directory `/Laputalab/demo/LinuxGL/glfw-3.1.1/glfw-3.1.1/CMakeFiles/CMakeTmp'
/usr/bin/cmake -E cmake_progress_report /Laputalab/demo/LinuxGL/glfw-3.1.1/glfw-3.1.1/CMakeFiles/CMakeTmp/CMakeFiles 1
Building C object CMakeFiles/cmTryCompileExec2381649565.dir/CheckFunctionExists.c.o
/usr/bin/cc   -DCHECK_FUNCTION_EXISTS=glXGetProcAddressARB   -o CMakeFiles/cmTryCompileExec2381649565.dir/CheckFunctionExists.c.o   -c /usr/share/cmake-2.8/Modules/CheckFunctionExists.c
Linking C executable cmTryCompileExec2381649565
/usr/bin/cmake -E cmake_link_script CMakeFiles/cmTryCompileExec2381649565.dir/link.txt --verbose=1
/usr/bin/cc   -DCHECK_FUNCTION_EXISTS=glXGetProcAddressARB    CMakeFiles/cmTryCompileExec2381649565.dir/CheckFunctionExists.c.o  -o cmTryCompileExec2381649565 -rdynamic -lGL 
make[1]: Leaving directory `/Laputalab/demo/LinuxGL/glfw-3.1.1/glfw-3.1.1/CMakeFiles/CMakeTmp'


Determining if the function XOpenDisplay exists in the /usr/lib/x86_64-linux-gnu/libX11.so;/usr/lib/x86_64-linux-gnu/libXext.so passed with the following output:
Change Dir: /Laputalab/demo/LinuxGL/glfw-3.1.1/CMakeFiles/CMakeTmp

Run Build Command:/usr/bin/make "cmTryCompileExec183860773/fast"
/usr/bin/make -f CMakeFiles/cmTryCompileExec183860773.dir/build.make CMakeFiles/cmTryCompileExec183860773.dir/build
make[1]: Entering directory `/Laputalab/demo/LinuxGL/glfw-3.1.1/CMakeFiles/CMakeTmp'
/usr/bin/cmake -E cmake_progress_report /Laputalab/demo/LinuxGL/glfw-3.1.1/CMakeFiles/CMakeTmp/CMakeFiles 1
Building C object CMakeFiles/cmTryCompileExec183860773.dir/CheckFunctionExists.c.o
/usr/bin/cc   -DCHECK_FUNCTION_EXISTS=XOpenDisplay   -o CMakeFiles/cmTryCompileExec183860773.dir/CheckFunctionExists.c.o   -c /usr/share/cmake-2.8/Modules/CheckFunctionExists.c
Linking C executable cmTryCompileExec183860773
/usr/bin/cmake -E cmake_link_script CMakeFiles/cmTryCompileExec183860773.dir/link.txt --verbose=1
/usr/bin/cc   -DCHECK_FUNCTION_EXISTS=XOpenDisplay    CMakeFiles/cmTryCompileExec183860773.dir/CheckFunctionExists.c.o  -o cmTryCompileExec183860773 -rdynamic -lX11 -lXext 
make[1]: Leaving directory `/Laputalab/demo/LinuxGL/glfw-3.1.1/CMakeFiles/CMakeTmp'


Determining if the function gethostbyname exists passed with the following output:
Change Dir: /Laputalab/demo/LinuxGL/glfw-3.1.1/CMakeFiles/CMakeTmp

Run Build Command:/usr/bin/make "cmTryCompileExec2051073418/fast"
/usr/bin/make -f CMakeFiles/cmTryCompileExec2051073418.dir/build.make CMakeFiles/cmTryCompileExec2051073418.dir/build
make[1]: Entering directory `/Laputalab/demo/LinuxGL/glfw-3.1.1/CMakeFiles/CMakeTmp'
/usr/bin/cmake -E cmake_progress_report /Laputalab/demo/LinuxGL/glfw-3.1.1/CMakeFiles/CMakeTmp/CMakeFiles 1
Building C object CMakeFiles/cmTryCompileExec2051073418.dir/CheckFunctionExists.c.o
/usr/bin/cc   -DCHECK_FUNCTION_EXISTS=gethostbyname   -o CMakeFiles/cmTryCompileExec2051073418.dir/CheckFunctionExists.c.o   -c /usr/share/cmake-2.8/Modules/CheckFunctionExists.c
Linking C executable cmTryCompileExec2051073418
/usr/bin/cmake -E cmake_link_script CMakeFiles/cmTryCompileExec2051073418.dir/link.txt --verbose=1
/usr/bin/cc   -DCHECK_FUNCTION_EXISTS=gethostbyname    CMakeFiles/cmTryCompileExec2051073418.dir/CheckFunctionExists.c.o  -o cmTryCompileExec2051073418 -rdynamic 
make[1]: Leaving directory `/Laputalab/demo/LinuxGL/glfw-3.1.1/CMakeFiles/CMakeTmp'


Determining if the function connect exists passed with the following output:
Change Dir: /Laputalab/demo/LinuxGL/glfw-3.1.1/CMakeFiles/CMakeTmp

Run Build Command:/usr/bin/make "cmTryCompileExec793380929/fast"
/usr/bin/make -f CMakeFiles/cmTryCompileExec793380929.dir/build.make CMakeFiles/cmTryCompileExec793380929.dir/build
make[1]: Entering directory `/Laputalab/demo/LinuxGL/glfw-3.1.1/CMakeFiles/CMakeTmp'
/usr/bin/cmake -E cmake_progress_report /Laputalab/demo/LinuxGL/glfw-3.1.1/CMakeFiles/CMakeTmp/CMakeFiles 1
Building C object CMakeFiles/cmTryCompileExec793380929.dir/CheckFunctionExists.c.o
/usr/bin/cc   -DCHECK_FUNCTION_EXISTS=connect   -o CMakeFiles/cmTryCompileExec793380929.dir/CheckFunctionExists.c.o   -c /usr/share/cmake-2.8/Modules/CheckFunctionExists.c
Linking C executable cmTryCompileExec793380929
/usr/bin/cmake -E cmake_link_script CMakeFiles/cmTryCompileExec793380929.dir/link.txt --verbose=1
/usr/bin/cc   -DCHECK_FUNCTION_EXISTS=connect    CMakeFiles/cmTryCompileExec793380929.dir/CheckFunctionExists.c.o  -o cmTryCompileExec793380929 -rdynamic 
make[1]: Leaving directory `/Laputalab/demo/LinuxGL/glfw-3.1.1/CMakeFiles/CMakeTmp'


Determining if the function remove exists passed with the following output:
Change Dir: /Laputalab/demo/LinuxGL/glfw-3.1.1/CMakeFiles/CMakeTmp

Run Build Command:/usr/bin/make "cmTryCompileExec3574252227/fast"
/usr/bin/make -f CMakeFiles/cmTryCompileExec3574252227.dir/build.make CMakeFiles/cmTryCompileExec3574252227.dir/build
make[1]: Entering directory `/Laputalab/demo/LinuxGL/glfw-3.1.1/CMakeFiles/CMakeTmp'
/usr/bin/cmake -E cmake_progress_report /Laputalab/demo/LinuxGL/glfw-3.1.1/CMakeFiles/CMakeTmp/CMakeFiles 1
Building C object CMakeFiles/cmTryCompileExec3574252227.dir/CheckFunctionExists.c.o
/usr/bin/cc   -DCHECK_FUNCTION_EXISTS=remove   -o CMakeFiles/cmTryCompileExec3574252227.dir/CheckFunctionExists.c.o   -c /usr/share/cmake-2.8/Modules/CheckFunctionExists.c
Linking C executable cmTryCompileExec3574252227
/usr/bin/cmake -E cmake_link_script CMakeFiles/cmTryCompileExec3574252227.dir/link.txt --verbose=1
/usr/bin/cc   -DCHECK_FUNCTION_EXISTS=remove    CMakeFiles/cmTryCompileExec3574252227.dir/CheckFunctionExists.c.o  -o cmTryCompileExec3574252227 -rdynamic 
make[1]: Leaving directory `/Laputalab/demo/LinuxGL/glfw-3.1.1/CMakeFiles/CMakeTmp'


Determining if the function shmat exists passed with the following output:
Change Dir: /Laputalab/demo/LinuxGL/glfw-3.1.1/CMakeFiles/CMakeTmp

Run Build Command:/usr/bin/make "cmTryCompileExec2545105815/fast"
/usr/bin/make -f CMakeFiles/cmTryCompileExec2545105815.dir/build.make CMakeFiles/cmTryCompileExec2545105815.dir/build
make[1]: Entering directory `/Laputalab/demo/LinuxGL/glfw-3.1.1/CMakeFiles/CMakeTmp'
/usr/bin/cmake -E cmake_progress_report /Laputalab/demo/LinuxGL/glfw-3.1.1/CMakeFiles/CMakeTmp/CMakeFiles 1
Building C object CMakeFiles/cmTryCompileExec2545105815.dir/CheckFunctionExists.c.o
/usr/bin/cc   -DCHECK_FUNCTION_EXISTS=shmat   -o CMakeFiles/cmTryCompileExec2545105815.dir/CheckFunctionExists.c.o   -c /usr/share/cmake-2.8/Modules/CheckFunctionExists.c
Linking C executable cmTryCompileExec2545105815
/usr/bin/cmake -E cmake_link_script CMakeFiles/cmTryCompileExec2545105815.dir/link.txt --verbose=1
/usr/bin/cc   -DCHECK_FUNCTION_EXISTS=shmat    CMakeFiles/cmTryCompileExec2545105815.dir/CheckFunctionExists.c.o  -o cmTryCompileExec2545105815 -rdynamic 
make[1]: Leaving directory `/Laputalab/demo/LinuxGL/glfw-3.1.1/CMakeFiles/CMakeTmp'


Determining if the function IceConnectionNumber exists in the ICE passed with the following output:
Change Dir: /Laputalab/demo/LinuxGL/glfw-3.1.1/CMakeFiles/CMakeTmp

Run Build Command:/usr/bin/make "cmTryCompileExec2341719628/fast"
/usr/bin/make -f CMakeFiles/cmTryCompileExec2341719628.dir/build.make CMakeFiles/cmTryCompileExec2341719628.dir/build
make[1]: Entering directory `/Laputalab/demo/LinuxGL/glfw-3.1.1/CMakeFiles/CMakeTmp'
/usr/bin/cmake -E cmake_progress_report /Laputalab/demo/LinuxGL/glfw-3.1.1/CMakeFiles/CMakeTmp/CMakeFiles 1
Building C object CMakeFiles/cmTryCompileExec2341719628.dir/CheckFunctionExists.c.o
/usr/bin/cc   -DCHECK_FUNCTION_EXISTS=IceConnectionNumber   -o CMakeFiles/cmTryCompileExec2341719628.dir/CheckFunctionExists.c.o   -c /usr/share/cmake-2.8/Modules/CheckFunctionExists.c
Linking C executable cmTryCompileExec2341719628
/usr/bin/cmake -E cmake_link_script CMakeFiles/cmTryCompileExec2341719628.dir/link.txt --verbose=1
/usr/bin/cc   -DCHECK_FUNCTION_EXISTS=IceConnectionNumber    CMakeFiles/cmTryCompileExec2341719628.dir/CheckFunctionExists.c.o  -o cmTryCompileExec2341719628 -rdynamic -lICE 
make[1]: Leaving directory `/Laputalab/demo/LinuxGL/glfw-3.1.1/CMakeFiles/CMakeTmp'


Determining if files pthread.h exist passed with the following output:
Change Dir: /Laputalab/demo/LinuxGL/glfw-3.1.1/CMakeFiles/CMakeTmp

Run Build Command:/usr/bin/make "cmTryCompileExec824196684/fast"
/usr/bin/make -f CMakeFiles/cmTryCompileExec824196684.dir/build.make CMakeFiles/cmTryCompileExec824196684.dir/build
make[1]: Entering directory `/Laputalab/demo/LinuxGL/glfw-3.1.1/CMakeFiles/CMakeTmp'
/usr/bin/cmake -E cmake_progress_report /Laputalab/demo/LinuxGL/glfw-3.1.1/CMakeFiles/CMakeTmp/CMakeFiles 1
Building C object CMakeFiles/cmTryCompileExec824196684.dir/CheckIncludeFiles.c.o
/usr/bin/cc    -o CMakeFiles/cmTryCompileExec824196684.dir/CheckIncludeFiles.c.o   -c /Laputalab/demo/LinuxGL/glfw-3.1.1/CMakeFiles/CMakeTmp/CheckIncludeFiles.c
Linking C executable cmTryCompileExec824196684
/usr/bin/cmake -E cmake_link_script CMakeFiles/cmTryCompileExec824196684.dir/link.txt --verbose=1
/usr/bin/cc       CMakeFiles/cmTryCompileExec824196684.dir/CheckIncludeFiles.c.o  -o cmTryCompileExec824196684 -rdynamic 
make[1]: Leaving directory `/Laputalab/demo/LinuxGL/glfw-3.1.1/CMakeFiles/CMakeTmp'


Determining if the function pthread_create exists in the pthread passed with the following output:
Change Dir: /Laputalab/demo/LinuxGL/glfw-3.1.1/CMakeFiles/CMakeTmp

Run Build Command:/usr/bin/make "cmTryCompileExec672457615/fast"
/usr/bin/make -f CMakeFiles/cmTryCompileExec672457615.dir/build.make CMakeFiles/cmTryCompileExec672457615.dir/build
make[1]: Entering directory `/Laputalab/demo/LinuxGL/glfw-3.1.1/CMakeFiles/CMakeTmp'
/usr/bin/cmake -E cmake_progress_report /Laputalab/demo/LinuxGL/glfw-3.1.1/CMakeFiles/CMakeTmp/CMakeFiles 1
Building C object CMakeFiles/cmTryCompileExec672457615.dir/CheckFunctionExists.c.o
/usr/bin/cc   -DCHECK_FUNCTION_EXISTS=pthread_create   -o CMakeFiles/cmTryCompileExec672457615.dir/CheckFunctionExists.c.o   -c /usr/share/cmake-2.8/Modules/CheckFunctionExists.c
Linking C executable cmTryCompileExec672457615
/usr/bin/cmake -E cmake_link_script CMakeFiles/cmTryCompileExec672457615.dir/link.txt --verbose=1
/usr/bin/cc   -DCHECK_FUNCTION_EXISTS=pthread_create    CMakeFiles/cmTryCompileExec672457615.dir/CheckFunctionExists.c.o  -o cmTryCompileExec672457615 -rdynamic -lpthread 
make[1]: Leaving directory `/Laputalab/demo/LinuxGL/glfw-3.1.1/CMakeFiles/CMakeTmp'


Determining if the function glXGetProcAddress exists passed with the following output:
Change Dir: /Laputalab/demo/LinuxGL/glfw-3.1.1/CMakeFiles/CMakeTmp

Run Build Command:/usr/bin/make "cmTryCompileExec2248380885/fast"
/usr/bin/make -f CMakeFiles/cmTryCompileExec2248380885.dir/build.make CMakeFiles/cmTryCompileExec2248380885.dir/build
make[1]: Entering directory `/Laputalab/demo/LinuxGL/glfw-3.1.1/CMakeFiles/CMakeTmp'
/usr/bin/cmake -E cmake_progress_report /Laputalab/demo/LinuxGL/glfw-3.1.1/CMakeFiles/CMakeTmp/CMakeFiles 1
Building C object CMakeFiles/cmTryCompileExec2248380885.dir/CheckFunctionExists.c.o
/usr/bin/cc   -DCHECK_FUNCTION_EXISTS=glXGetProcAddress   -o CMakeFiles/cmTryCompileExec2248380885.dir/CheckFunctionExists.c.o   -c /usr/share/cmake-2.8/Modules/CheckFunctionExists.c
Linking C executable cmTryCompileExec2248380885
/usr/bin/cmake -E cmake_link_script CMakeFiles/cmTryCompileExec2248380885.dir/link.txt --verbose=1
/usr/bin/cc   -DCHECK_FUNCTION_EXISTS=glXGetProcAddress    CMakeFiles/cmTryCompileExec2248380885.dir/CheckFunctionExists.c.o  -o cmTryCompileExec2248380885 -rdynamic -lGL 
make[1]: Leaving directory `/Laputalab/demo/LinuxGL/glfw-3.1.1/CMakeFiles/CMakeTmp'


Determining if the function glXGetProcAddressARB exists passed with the following output:
Change Dir: /Laputalab/demo/LinuxGL/glfw-3.1.1/CMakeFiles/CMakeTmp

Run Build Command:/usr/bin/make "cmTryCompileExec47523647/fast"
/usr/bin/make -f CMakeFiles/cmTryCompileExec47523647.dir/build.make CMakeFiles/cmTryCompileExec47523647.dir/build
make[1]: Entering directory `/Laputalab/demo/LinuxGL/glfw-3.1.1/CMakeFiles/CMakeTmp'
/usr/bin/cmake -E cmake_progress_report /Laputalab/demo/LinuxGL/glfw-3.1.1/CMakeFiles/CMakeTmp/CMakeFiles 1
Building C object CMakeFiles/cmTryCompileExec47523647.dir/CheckFunctionExists.c.o
/usr/bin/cc   -DCHECK_FUNCTION_EXISTS=glXGetProcAddressARB   -o CMakeFiles/cmTryCompileExec47523647.dir/CheckFunctionExists.c.o   -c /usr/share/cmake-2.8/Modules/CheckFunctionExists.c
Linking C executable cmTryCompileExec47523647
/usr/bin/cmake -E cmake_link_script CMakeFiles/cmTryCompileExec47523647.dir/link.txt --verbose=1
/usr/bin/cc   -DCHECK_FUNCTION_EXISTS=glXGetProcAddressARB    CMakeFiles/cmTryCompileExec47523647.dir/CheckFunctionExists.c.o  -o cmTryCompileExec47523647 -rdynamic -lGL 
make[1]: Leaving directory `/Laputalab/demo/LinuxGL/glfw-3.1.1/CMakeFiles/CMakeTmp'


